<?xml version="1.0"?>
<testsuites>
  <testsuite name="PhantomJS 1.9.8 (Windows 8)" package="" timestamp="2015-01-14T05:55:37" id="0" hostname="Redstone" tests="17" errors="0" failures="0" time="0.061">
    <properties>
      <property name="browser.fullName" value="Mozilla/5.0 (Windows NT 6.2; WOW64) AppleWebKit/534.34 (KHTML, like Gecko) PhantomJS/1.9.8 Safari/534.34"/>
    </properties>
    <testcase name="simplex2 is repeatable" time="0.033" classname="PhantomJS 1.9.8 (Windows 8).Plugins/Noise"/>
    <testcase name="simplex2 is nonzero" time="0.001" classname="PhantomJS 1.9.8 (Windows 8).Plugins/Noise"/>
    <testcase name="simplex2 can be different with different coordinates" time="0" classname="PhantomJS 1.9.8 (Windows 8).Plugins/Noise"/>
    <testcase name="Array.prototype.first" time="0.021" classname="PhantomJS 1.9.8 (Windows 8).Plugins/Utils"/>
    <testcase name="Number.prototype.between" time="0" classname="PhantomJS 1.9.8 (Windows 8).Plugins/Utils"/>
    <testcase name="Array.prototype.first" time="0" classname="PhantomJS 1.9.8 (Windows 8).Plugins/Utils"/>
    <testcase name="Array.prototype.last" time="0" classname="PhantomJS 1.9.8 (Windows 8).Plugins/Utils"/>
    <testcase name="gg.utils.trim" time="0" classname="PhantomJS 1.9.8 (Windows 8).Plugins/Utils"/>
    <testcase name="gg.utils.ltrim" time="0" classname="PhantomJS 1.9.8 (Windows 8).Plugins/Utils"/>
    <testcase name="gg.utils.rtrim" time="0.001" classname="PhantomJS 1.9.8 (Windows 8).Plugins/Utils"/>
    <testcase name="gg.utils.humanize" time="0" classname="PhantomJS 1.9.8 (Windows 8).Plugins/Utils"/>
    <testcase name="gg.utils.formatMasked" time="0" classname="PhantomJS 1.9.8 (Windows 8).Plugins/Utils"/>
    <testcase name="gg.utils.randomMasked" time="0" classname="PhantomJS 1.9.8 (Windows 8).Plugins/Utils"/>
    <testcase name="gg.utils.randomInRange" time="0.005" classname="PhantomJS 1.9.8 (Windows 8).Plugins/Utils"/>
    <testcase name="gg.utils.randomInSet" time="0" classname="PhantomJS 1.9.8 (Windows 8).Plugins/Utils"/>
    <testcase name="gg.utils.randomChance" time="0" classname="PhantomJS 1.9.8 (Windows 8).Plugins/Utils"/>
    <testcase name="gg.utils.format" time="0" classname="PhantomJS 1.9.8 (Windows 8).Plugins/Utils"/>
    <system-out><![CDATA[
]]></system-out>
    <system-err/>
  </testsuite>
</testsuites>
