<?xml version="1.0"?>
<testsuites>
  <testsuite name="PhantomJS 1.9.8 (Mac OS X)" package="" timestamp="2015-01-13T16:57:54" id="0" hostname="HA002575" tests="14" errors="0" failures="0" time="0.025">
    <properties>
      <property name="browser.fullName" value="Mozilla/5.0 (Macintosh; Intel Mac OS X) AppleWebKit/534.34 (KHTML, like Gecko) PhantomJS/1.9.8 Safari/534.34"/>
    </properties>
    <testcase name="Array.prototype.first" time="0.014" classname="PhantomJS 1.9.8 (Mac OS X).Plugins/Utils"/>
    <testcase name="Number.prototype.between" time="0.001" classname="PhantomJS 1.9.8 (Mac OS X).Plugins/Utils"/>
    <testcase name="Array.prototype.first" time="0" classname="PhantomJS 1.9.8 (Mac OS X).Plugins/Utils"/>
    <testcase name="Array.prototype.last" time="0" classname="PhantomJS 1.9.8 (Mac OS X).Plugins/Utils"/>
    <testcase name="gg.utils.trim" time="0" classname="PhantomJS 1.9.8 (Mac OS X).Plugins/Utils"/>
    <testcase name="gg.utils.ltrim" time="0.001" classname="PhantomJS 1.9.8 (Mac OS X).Plugins/Utils"/>
    <testcase name="gg.utils.rtrim" time="0" classname="PhantomJS 1.9.8 (Mac OS X).Plugins/Utils"/>
    <testcase name="gg.utils.humanize" time="0" classname="PhantomJS 1.9.8 (Mac OS X).Plugins/Utils"/>
    <testcase name="gg.utils.formatMasked" time="0.001" classname="PhantomJS 1.9.8 (Mac OS X).Plugins/Utils"/>
    <testcase name="gg.utils.randomMasked" time="0" classname="PhantomJS 1.9.8 (Mac OS X).Plugins/Utils"/>
    <testcase name="gg.utils.randomInRange" time="0.008" classname="PhantomJS 1.9.8 (Mac OS X).Plugins/Utils"/>
    <testcase name="gg.utils.randomInSet" time="0" classname="PhantomJS 1.9.8 (Mac OS X).Plugins/Utils"/>
    <testcase name="gg.utils.randomChance" time="0" classname="PhantomJS 1.9.8 (Mac OS X).Plugins/Utils"/>
    <testcase name="gg.utils.format" time="0" classname="PhantomJS 1.9.8 (Mac OS X).Plugins/Utils"/>
    <system-out><![CDATA[
]]></system-out>
    <system-err/>
  </testsuite>
</testsuites>
